0 info it worked if it ends with ok
1 verbose cli [ '/Users/beckyconning/.nvm/v0.10.35/bin/node',
1 verbose cli   '/Users/beckyconning/.nvm/v0.10.35/bin/npm',
1 verbose cli   'install',
1 verbose cli   'purescript-signal' ]
2 info using npm@1.4.28
3 info using node@v0.10.35
4 verbose cache add [ 'purescript-signal', null ]
5 verbose cache add name=undefined spec="purescript-signal" args=["purescript-signal",null]
6 verbose parsed url { protocol: null,
6 verbose parsed url   slashes: null,
6 verbose parsed url   auth: null,
6 verbose parsed url   host: null,
6 verbose parsed url   port: null,
6 verbose parsed url   hostname: null,
6 verbose parsed url   hash: null,
6 verbose parsed url   search: null,
6 verbose parsed url   query: null,
6 verbose parsed url   pathname: 'purescript-signal',
6 verbose parsed url   path: 'purescript-signal',
6 verbose parsed url   href: 'purescript-signal' }
7 silly lockFile 75ba6673-purescript-signal purescript-signal
8 verbose lock purescript-signal /Users/beckyconning/.npm/75ba6673-purescript-signal.lock
9 silly lockFile 75ba6673-purescript-signal purescript-signal
10 silly lockFile 75ba6673-purescript-signal purescript-signal
11 verbose addNamed [ 'purescript-signal', '' ]
12 verbose addNamed [ null, '*' ]
13 silly lockFile 5fa736bc-purescript-signal purescript-signal@
14 verbose lock purescript-signal@ /Users/beckyconning/.npm/5fa736bc-purescript-signal.lock
15 silly addNameRange { name: 'purescript-signal', range: '*', hasData: false }
16 verbose request where is /purescript-signal
17 verbose request registry https://registry.npmjs.org/
18 verbose request id 5e4cfc2fdc5e4321
19 verbose url raw /purescript-signal
20 verbose url resolving [ 'https://registry.npmjs.org/', './purescript-signal' ]
21 verbose url resolved https://registry.npmjs.org/purescript-signal
22 verbose request where is https://registry.npmjs.org/purescript-signal
23 info trying registry request attempt 1 at 15:56:06
24 http GET https://registry.npmjs.org/purescript-signal
25 http 404 https://registry.npmjs.org/purescript-signal
26 verbose headers { server: 'CouchDB/1.5.0 (Erlang OTP/R16B03)',
26 verbose headers   'content-type': 'application/json',
26 verbose headers   'cache-control': 'max-age=0',
26 verbose headers   'content-length': '51',
26 verbose headers   'accept-ranges': 'bytes',
26 verbose headers   date: 'Sun, 02 Aug 2015 14:56:07 GMT',
26 verbose headers   via: '1.1 varnish',
26 verbose headers   age: '0',
26 verbose headers   connection: 'keep-alive',
26 verbose headers   'x-served-by': 'cache-lcy1125-LCY',
26 verbose headers   'x-cache': 'MISS',
26 verbose headers   'x-cache-hits': '0',
26 verbose headers   'x-timer': 'S1438527366.988167,VS0,VE699' }
27 silly registry.get cb [ 404,
27 silly registry.get   { server: 'CouchDB/1.5.0 (Erlang OTP/R16B03)',
27 silly registry.get     'content-type': 'application/json',
27 silly registry.get     'cache-control': 'max-age=0',
27 silly registry.get     'content-length': '51',
27 silly registry.get     'accept-ranges': 'bytes',
27 silly registry.get     date: 'Sun, 02 Aug 2015 14:56:07 GMT',
27 silly registry.get     via: '1.1 varnish',
27 silly registry.get     age: '0',
27 silly registry.get     connection: 'keep-alive',
27 silly registry.get     'x-served-by': 'cache-lcy1125-LCY',
27 silly registry.get     'x-cache': 'MISS',
27 silly registry.get     'x-cache-hits': '0',
27 silly registry.get     'x-timer': 'S1438527366.988167,VS0,VE699' } ]
28 silly lockFile 5fa736bc-purescript-signal purescript-signal@
29 silly lockFile 5fa736bc-purescript-signal purescript-signal@
30 error 404 404 Not Found: purescript-signal
30 error 404
30 error 404 'purescript-signal' is not in the npm registry.
30 error 404 You should bug the author to publish it
30 error 404
30 error 404 Note that you can also install from a
30 error 404 tarball, folder, or http url, or git url.
31 error System Darwin 14.3.0
32 error command "/Users/beckyconning/.nvm/v0.10.35/bin/node" "/Users/beckyconning/.nvm/v0.10.35/bin/npm" "install" "purescript-signal"
33 error cwd /Users/beckyconning/Documents/purescript-pantry
34 error node -v v0.10.35
35 error npm -v 1.4.28
36 error code E404
37 verbose exit [ 1, true ]
